2021-05-28 18:02:19 - INFO - db 圖片下載測試開始
2021-05-28 18:02:19 - INFO - 開始從資料庫拉取 1000 筆 byte 型式的圖片
2021-05-28 18:02:19 - INFO - 1000 筆 byte 型式的圖片拉取結束
2021-05-28 18:02:19 - INFO - 開始將 1000 筆 byte 型式的圖片轉成圖片格式並存進 /home/john/桌面/工作/測試/減少檔案搬移避免檔案遺失測試/下載圖片區/1/ 資料夾
2021-05-28 18:02:25 - INFO - 1000 筆圖片下載完畢
2021-05-28 18:02:25 - INFO - 測試結束
2021-05-28 18:02:25 - INFO - 花費時間: 6.313035726547241
2021-05-28 18:02:25 - INFO - 

2021-05-28 18:02:25 - INFO - db 圖片下載測試開始
2021-05-28 18:02:25 - INFO - 開始從資料庫拉取 1000 筆 byte 型式的圖片
2021-05-28 18:02:26 - INFO - 1000 筆 byte 型式的圖片拉取結束
2021-05-28 18:02:26 - INFO - 開始將 1000 筆 byte 型式的圖片轉成圖片格式並存進 /home/john/桌面/工作/測試/減少檔案搬移避免檔案遺失測試/下載圖片區/2/ 資料夾
2021-05-28 18:02:32 - INFO - 1000 筆圖片下載完畢
2021-05-28 18:02:32 - INFO - 測試結束
2021-05-28 18:02:32 - INFO - 花費時間: 6.297368288040161
2021-05-28 18:02:32 - INFO - 

2021-05-28 18:02:32 - INFO - db 圖片下載測試開始
2021-05-28 18:02:32 - INFO - 開始從資料庫拉取 1000 筆 byte 型式的圖片
2021-05-28 18:02:32 - INFO - 1000 筆 byte 型式的圖片拉取結束
2021-05-28 18:02:32 - INFO - 開始將 1000 筆 byte 型式的圖片轉成圖片格式並存進 /home/john/桌面/工作/測試/減少檔案搬移避免檔案遺失測試/下載圖片區/3/ 資料夾
2021-05-28 18:02:38 - INFO - 1000 筆圖片下載完畢
2021-05-28 18:02:38 - INFO - 測試結束
2021-05-28 18:02:38 - INFO - 花費時間: 6.393681764602661
2021-05-28 18:02:38 - INFO - 

2021-05-28 18:02:38 - INFO - db 圖片下載測試開始
2021-05-28 18:02:38 - INFO - 開始從資料庫拉取 1000 筆 byte 型式的圖片
2021-05-28 18:02:39 - INFO - 1000 筆 byte 型式的圖片拉取結束
2021-05-28 18:02:39 - INFO - 開始將 1000 筆 byte 型式的圖片轉成圖片格式並存進 /home/john/桌面/工作/測試/減少檔案搬移避免檔案遺失測試/下載圖片區/4/ 資料夾
2021-05-28 18:02:45 - INFO - 1000 筆圖片下載完畢
2021-05-28 18:02:45 - INFO - 測試結束
2021-05-28 18:02:45 - INFO - 花費時間: 6.841559410095215
2021-05-28 18:02:45 - INFO - 

2021-05-28 18:02:45 - INFO - db 圖片下載測試開始
2021-05-28 18:02:45 - INFO - 開始從資料庫拉取 1000 筆 byte 型式的圖片
2021-05-28 18:02:46 - INFO - 1000 筆 byte 型式的圖片拉取結束
2021-05-28 18:02:46 - INFO - 開始將 1000 筆 byte 型式的圖片轉成圖片格式並存進 /home/john/桌面/工作/測試/減少檔案搬移避免檔案遺失測試/下載圖片區/5/ 資料夾
2021-05-28 18:02:52 - INFO - 1000 筆圖片下載完畢
2021-05-28 18:02:52 - INFO - 測試結束
2021-05-28 18:02:52 - INFO - 花費時間: 6.3972697257995605
2021-05-28 18:02:52 - INFO - 

2021-05-28 18:02:52 - INFO - db 圖片下載測試開始
2021-05-28 18:02:52 - INFO - 開始從資料庫拉取 1000 筆 byte 型式的圖片
2021-05-28 18:02:52 - INFO - 1000 筆 byte 型式的圖片拉取結束
2021-05-28 18:02:52 - INFO - 開始將 1000 筆 byte 型式的圖片轉成圖片格式並存進 /home/john/桌面/工作/測試/減少檔案搬移避免檔案遺失測試/下載圖片區/6/ 資料夾
2021-05-28 18:02:58 - INFO - 1000 筆圖片下載完畢
2021-05-28 18:02:58 - INFO - 測試結束
2021-05-28 18:02:58 - INFO - 花費時間: 6.308841705322266
2021-05-28 18:02:58 - INFO - 

2021-05-28 18:02:58 - INFO - db 圖片下載測試開始
2021-05-28 18:02:58 - INFO - 開始從資料庫拉取 1000 筆 byte 型式的圖片
2021-05-28 18:02:59 - INFO - 1000 筆 byte 型式的圖片拉取結束
2021-05-28 18:02:59 - INFO - 開始將 1000 筆 byte 型式的圖片轉成圖片格式並存進 /home/john/桌面/工作/測試/減少檔案搬移避免檔案遺失測試/下載圖片區/7/ 資料夾
2021-05-28 18:03:04 - INFO - 1000 筆圖片下載完畢
2021-05-28 18:03:04 - INFO - 測試結束
2021-05-28 18:03:04 - INFO - 花費時間: 6.290614366531372
2021-05-28 18:03:04 - INFO - 

2021-05-28 18:03:05 - INFO - db 圖片下載測試開始
2021-05-28 18:03:05 - INFO - 開始從資料庫拉取 1000 筆 byte 型式的圖片
2021-05-28 18:03:05 - INFO - 1000 筆 byte 型式的圖片拉取結束
2021-05-28 18:03:05 - INFO - 開始將 1000 筆 byte 型式的圖片轉成圖片格式並存進 /home/john/桌面/工作/測試/減少檔案搬移避免檔案遺失測試/下載圖片區/8/ 資料夾
2021-05-28 18:03:11 - INFO - 1000 筆圖片下載完畢
2021-05-28 18:03:11 - INFO - 測試結束
2021-05-28 18:03:11 - INFO - 花費時間: 6.249388217926025
2021-05-28 18:03:11 - INFO - 

2021-05-28 18:03:11 - INFO - db 圖片下載測試開始
2021-05-28 18:03:11 - INFO - 開始從資料庫拉取 1000 筆 byte 型式的圖片
2021-05-28 18:03:11 - INFO - 1000 筆 byte 型式的圖片拉取結束
2021-05-28 18:03:11 - INFO - 開始將 1000 筆 byte 型式的圖片轉成圖片格式並存進 /home/john/桌面/工作/測試/減少檔案搬移避免檔案遺失測試/下載圖片區/9/ 資料夾
2021-05-28 18:03:17 - INFO - 1000 筆圖片下載完畢
2021-05-28 18:03:17 - INFO - 測試結束
2021-05-28 18:03:17 - INFO - 花費時間: 6.232424974441528
2021-05-28 18:03:17 - INFO - 

2021-05-28 18:03:17 - INFO - db 圖片下載測試開始
2021-05-28 18:03:17 - INFO - 開始從資料庫拉取 1000 筆 byte 型式的圖片
2021-05-28 18:03:18 - INFO - 1000 筆 byte 型式的圖片拉取結束
2021-05-28 18:03:18 - INFO - 開始將 1000 筆 byte 型式的圖片轉成圖片格式並存進 /home/john/桌面/工作/測試/減少檔案搬移避免檔案遺失測試/下載圖片區/10/ 資料夾
2021-05-28 18:03:24 - INFO - 1000 筆圖片下載完畢
2021-05-28 18:03:24 - INFO - 測試結束
2021-05-28 18:03:24 - INFO - 花費時間: 6.3434295654296875
2021-05-28 18:03:24 - INFO - 

