2021-05-28 18:05:06 - INFO - URL 圖片下載測試開始
2021-05-28 18:05:06 - INFO - 開始從資料庫拉取 1000 筆圖片 URL 
2021-05-28 18:05:06 - INFO - 1000 筆圖片 URL 拉取結束
2021-05-28 18:05:06 - INFO - 開始從 1000 筆圖片 URL 下載圖片並存進 /home/john/桌面/工作/測試/減少檔案搬移避免檔案遺失測試/下載圖片區/1/ 資料夾
2021-05-28 18:05:13 - INFO - 1000 筆圖片下載完畢
2021-05-28 18:05:13 - INFO - 測試結束
2021-05-28 18:05:13 - INFO - 花費時間: 6.3080668449401855
2021-05-28 18:05:13 - INFO - 

2021-05-28 18:05:13 - INFO - URL 圖片下載測試開始
2021-05-28 18:05:13 - INFO - 開始從資料庫拉取 1000 筆圖片 URL 
2021-05-28 18:05:13 - INFO - 1000 筆圖片 URL 拉取結束
2021-05-28 18:05:13 - INFO - 開始從 1000 筆圖片 URL 下載圖片並存進 /home/john/桌面/工作/測試/減少檔案搬移避免檔案遺失測試/下載圖片區/2/ 資料夾
2021-05-28 18:05:19 - INFO - 1000 筆圖片下載完畢
2021-05-28 18:05:19 - INFO - 測試結束
2021-05-28 18:05:19 - INFO - 花費時間: 5.942841053009033
2021-05-28 18:05:19 - INFO - 

2021-05-28 18:05:19 - INFO - URL 圖片下載測試開始
2021-05-28 18:05:19 - INFO - 開始從資料庫拉取 1000 筆圖片 URL 
2021-05-28 18:05:19 - INFO - 1000 筆圖片 URL 拉取結束
2021-05-28 18:05:19 - INFO - 開始從 1000 筆圖片 URL 下載圖片並存進 /home/john/桌面/工作/測試/減少檔案搬移避免檔案遺失測試/下載圖片區/3/ 資料夾
2021-05-28 18:05:25 - INFO - 1000 筆圖片下載完畢
2021-05-28 18:05:25 - INFO - 測試結束
2021-05-28 18:05:25 - INFO - 花費時間: 5.936345100402832
2021-05-28 18:05:25 - INFO - 

2021-05-28 18:05:25 - INFO - URL 圖片下載測試開始
2021-05-28 18:05:25 - INFO - 開始從資料庫拉取 1000 筆圖片 URL 
2021-05-28 18:05:25 - INFO - 1000 筆圖片 URL 拉取結束
2021-05-28 18:05:25 - INFO - 開始從 1000 筆圖片 URL 下載圖片並存進 /home/john/桌面/工作/測試/減少檔案搬移避免檔案遺失測試/下載圖片區/4/ 資料夾
2021-05-28 18:05:31 - INFO - 1000 筆圖片下載完畢
2021-05-28 18:05:31 - INFO - 測試結束
2021-05-28 18:05:31 - INFO - 花費時間: 6.022741794586182
2021-05-28 18:05:31 - INFO - 

2021-05-28 18:05:31 - INFO - URL 圖片下載測試開始
2021-05-28 18:05:31 - INFO - 開始從資料庫拉取 1000 筆圖片 URL 
2021-05-28 18:05:31 - INFO - 1000 筆圖片 URL 拉取結束
2021-05-28 18:05:31 - INFO - 開始從 1000 筆圖片 URL 下載圖片並存進 /home/john/桌面/工作/測試/減少檔案搬移避免檔案遺失測試/下載圖片區/5/ 資料夾
2021-05-28 18:05:37 - INFO - 1000 筆圖片下載完畢
2021-05-28 18:05:37 - INFO - 測試結束
2021-05-28 18:05:37 - INFO - 花費時間: 5.9835755825042725
2021-05-28 18:05:37 - INFO - 

2021-05-28 18:05:37 - INFO - URL 圖片下載測試開始
2021-05-28 18:05:37 - INFO - 開始從資料庫拉取 1000 筆圖片 URL 
2021-05-28 18:05:37 - INFO - 1000 筆圖片 URL 拉取結束
2021-05-28 18:05:37 - INFO - 開始從 1000 筆圖片 URL 下載圖片並存進 /home/john/桌面/工作/測試/減少檔案搬移避免檔案遺失測試/下載圖片區/6/ 資料夾
2021-05-28 18:05:43 - INFO - 1000 筆圖片下載完畢
2021-05-28 18:05:43 - INFO - 測試結束
2021-05-28 18:05:43 - INFO - 花費時間: 6.271259069442749
2021-05-28 18:05:43 - INFO - 

2021-05-28 18:05:43 - INFO - URL 圖片下載測試開始
2021-05-28 18:05:43 - INFO - 開始從資料庫拉取 1000 筆圖片 URL 
2021-05-28 18:05:43 - INFO - 1000 筆圖片 URL 拉取結束
2021-05-28 18:05:43 - INFO - 開始從 1000 筆圖片 URL 下載圖片並存進 /home/john/桌面/工作/測試/減少檔案搬移避免檔案遺失測試/下載圖片區/7/ 資料夾
2021-05-28 18:05:50 - INFO - 1000 筆圖片下載完畢
2021-05-28 18:05:50 - INFO - 測試結束
2021-05-28 18:05:50 - INFO - 花費時間: 6.151414155960083
2021-05-28 18:05:50 - INFO - 

2021-05-28 18:05:50 - INFO - URL 圖片下載測試開始
2021-05-28 18:05:50 - INFO - 開始從資料庫拉取 1000 筆圖片 URL 
2021-05-28 18:05:50 - INFO - 1000 筆圖片 URL 拉取結束
2021-05-28 18:05:50 - INFO - 開始從 1000 筆圖片 URL 下載圖片並存進 /home/john/桌面/工作/測試/減少檔案搬移避免檔案遺失測試/下載圖片區/8/ 資料夾
2021-05-28 18:05:56 - INFO - 1000 筆圖片下載完畢
2021-05-28 18:05:56 - INFO - 測試結束
2021-05-28 18:05:56 - INFO - 花費時間: 6.063811540603638
2021-05-28 18:05:56 - INFO - 

2021-05-28 18:05:56 - INFO - URL 圖片下載測試開始
2021-05-28 18:05:56 - INFO - 開始從資料庫拉取 1000 筆圖片 URL 
2021-05-28 18:05:56 - INFO - 1000 筆圖片 URL 拉取結束
2021-05-28 18:05:56 - INFO - 開始從 1000 筆圖片 URL 下載圖片並存進 /home/john/桌面/工作/測試/減少檔案搬移避免檔案遺失測試/下載圖片區/9/ 資料夾
2021-05-28 18:06:02 - INFO - 1000 筆圖片下載完畢
2021-05-28 18:06:02 - INFO - 測試結束
2021-05-28 18:06:02 - INFO - 花費時間: 5.919511795043945
2021-05-28 18:06:02 - INFO - 

2021-05-28 18:06:02 - INFO - URL 圖片下載測試開始
2021-05-28 18:06:02 - INFO - 開始從資料庫拉取 1000 筆圖片 URL 
2021-05-28 18:06:02 - INFO - 1000 筆圖片 URL 拉取結束
2021-05-28 18:06:02 - INFO - 開始從 1000 筆圖片 URL 下載圖片並存進 /home/john/桌面/工作/測試/減少檔案搬移避免檔案遺失測試/下載圖片區/10/ 資料夾
2021-05-28 18:06:08 - INFO - 1000 筆圖片下載完畢
2021-05-28 18:06:08 - INFO - 測試結束
2021-05-28 18:06:08 - INFO - 花費時間: 5.979458808898926
2021-05-28 18:06:08 - INFO - 

